<?xml version="1.0" encoding="UTF-8"?>
<!-- Generated by org.testng.reporters.JUnitReportReporter -->
<testsuite skipped="0" hostname="Bhanus-MacBook-Air.local" name="com.Learning.LoginTest" tests="1" failures="0" timestamp="02 Feb 2020 17:49:28 GMT" time="25.992" errors="0">
  <testcase name="loginValidation" time="25.992" classname="com.Learning.LoginTest"/>
</testsuite> <!-- com.Learning.LoginTest -->
